<?xml version="1.0" encoding="utf-8" standalone="no"?>
<!--This file represents the results of running a test suite-->
<test-results name="C:\Users\Acer\Desktop\Проверка числа на простоту\TestPrime\bin\Debug\TestPrime.dll" total="1" errors="0" failures="0" not-run="0" inconclusive="0" ignored="0" skipped="0" invalid="0" date="2016-12-23" time="23:32:07">
  <environment nunit-version="2.6.4.14350" clr-version="2.0.50727.8745" os-version="Microsoft Windows NT 6.2.9200.0" platform="Win32NT" cwd="C:\Users\Acer\Desktop\Проверка числа на простоту\TestPrime\bin\Debug" machine-name="JULIA-PC" user="Acer" user-domain="JULIA-PC" />
  <culture-info current-culture="ru-RU" current-uiculture="ru-RU" />
  <test-suite type="Assembly" name="C:\Users\Acer\Desktop\Проверка числа на простоту\TestPrime\bin\Debug\TestPrime.dll" executed="True" result="Success" success="True" time="0.002" asserts="0">
    <results>
      <test-suite type="Namespace" name="TestPrime" executed="True" result="Success" success="True" time="0.002" asserts="0">
        <results>
          <test-suite type="TestFixture" name="PrimeTest" executed="True" result="Success" success="True" time="0.001" asserts="0">
            <results>
              <test-case name="TestPrime.PrimeTest.Test_6" executed="True" result="Success" success="True" time="0.000" asserts="1" />
            </results>
          </test-suite>
        </results>
      </test-suite>
    </results>
  </test-suite>
</test-results>